<?xml version="1.0" encoding="UTF-8"?>
<coverage generated="1509947196274" clover="3.2.0">
  <project timestamp="1509947196275" name="All files">
    <metrics statements="2" coveredstatements="2" conditionals="0" coveredconditionals="0" methods="2" coveredmethods="2" elements="4" coveredelements="4" complexity="0" loc="2" ncloc="2" packages="1" files="2" classes="2">
      <file name="HelloWorld.js" path="/Users/qiangswa/git/jest-nodejs-es6-boilerplate/src/HelloWorld.js">
        <metrics statements="2" coveredstatements="2" conditionals="0" coveredconditionals="0" methods="1" coveredmethods="1"/>
        <line num="1" count="1" type="stmt"/>
        <line num="2" count="2" type="stmt"/>
      </file>
      <file name="HelloWorldClass.js" path="/Users/qiangswa/git/jest-nodejs-es6-boilerplate/src/HelloWorldClass.js">
        <metrics statements="0" coveredstatements="0" conditionals="0" coveredconditionals="0" methods="1" coveredmethods="1"/>
      </file>
    </metrics>
  </project>
</coverage>
