{"/Users/qiangswa/git/jest-nodejs-es6-boilerplate/src/HelloWorld.js": {"path":"/Users/qiangswa/git/jest-nodejs-es6-boilerplate/src/HelloWorld.js","statementMap":{"0":{"start":{"line":1,"column":0},"end":{"line":3,"column":1}},"1":{"start":{"line":2,"column":2},"end":{"line":2,"column":23}}},"fnMap":{"0":{"name":"(anonymous_0)","decl":{"start":{"line":1,"column":23},"end":{"line":1,"column":24}},"loc":{"start":{"line":1,"column":33},"end":{"line":3,"column":1}},"line":1}},"branchMap":{},"s":{"0":1,"1":2},"f":{"0":2},"b":{},"_coverageSchema":"332fd63041d2c1bcb487cc26dd0d5f7d97098a6c","hash":"1be43602ab1b5bd55f78b79f0fec0c6bab543b9a"}
,"/Users/qiangswa/git/jest-nodejs-es6-boilerplate/src/HelloWorldClass.js": {"path":"/Users/qiangswa/git/jest-nodejs-es6-boilerplate/src/HelloWorldClass.js","statementMap":{},"fnMap":{"0":{"name":"(anonymous_0)","decl":{"start":{"line":2,"column":2},"end":{"line":2,"column":3}},"loc":{"start":{"line":2,"column":16},"end":{"line":4,"column":3}},"line":2}},"branchMap":{},"s":{},"f":{"0":1},"b":{},"_coverageSchema":"332fd63041d2c1bcb487cc26dd0d5f7d97098a6c","hash":"ae26f360ed0b77ac26ea8ce3a1abfc38ff14672e"}
}
